2022-08-03 23:02:03.413  INFO 5248 --- [restartedMain] c.shopme.admin.ShopmeBackEndApplication  : Starting ShopmeBackEndApplication using Java 17.0.3.1 on locvb-home with PID 5248 (D:\Projects\ShopmeProject\ShopmeWebParent\ShopmeBackEnd\target\classes started by vbloc in D:\Projects\ShopmeProject\ShopmeWebParent\ShopmeBackEnd)
2022-08-03 23:02:03.413  INFO 5248 --- [restartedMain] c.shopme.admin.ShopmeBackEndApplication  : No active profile set, falling back to 1 default profile: "default"
2022-08-03 23:02:03.578  INFO 5248 --- [restartedMain] .s.d.r.c.RepositoryConfigurationDelegate : Bootstrapping Spring Data JPA repositories in DEFAULT mode.
2022-08-03 23:02:03.590  INFO 5248 --- [restartedMain] .s.d.r.c.RepositoryConfigurationDelegate : Finished Spring Data repository scanning in 10 ms. Found 2 JPA repository interfaces.
2022-08-03 23:02:03.669  INFO 5248 --- [restartedMain] o.s.b.w.embedded.tomcat.TomcatWebServer  : Tomcat initialized with port(s): 8080 (http)
2022-08-03 23:02:03.670  INFO 5248 --- [restartedMain] o.apache.catalina.core.StandardService   : Starting service [Tomcat]
2022-08-03 23:02:03.670  INFO 5248 --- [restartedMain] org.apache.catalina.core.StandardEngine  : Starting Servlet engine: [Apache Tomcat/9.0.63]
2022-08-03 23:02:03.684  INFO 5248 --- [restartedMain] o.a.c.c.C.[.[localhost].[/ShopmeAdmin]   : Initializing Spring embedded WebApplicationContext
2022-08-03 23:02:03.685  INFO 5248 --- [restartedMain] w.s.c.ServletWebServerApplicationContext : Root WebApplicationContext: initialization completed in 270 ms
2022-08-03 23:02:03.718  INFO 5248 --- [restartedMain] o.hibernate.jpa.internal.util.LogHelper  : HHH000204: Processing PersistenceUnitInfo [name: default]
2022-08-03 23:02:03.721  INFO 5248 --- [restartedMain] com.zaxxer.hikari.HikariDataSource       : HikariPool-3 - Starting...
2022-08-03 23:02:03.731  INFO 5248 --- [restartedMain] com.zaxxer.hikari.HikariDataSource       : HikariPool-3 - Start completed.
2022-08-03 23:02:03.732  INFO 5248 --- [restartedMain] org.hibernate.dialect.Dialect            : HHH000400: Using dialect: org.hibernate.dialect.MySQL8Dialect
2022-08-03 23:02:03.774  INFO 5248 --- [restartedMain] o.h.e.t.j.p.i.JtaPlatformInitiator       : HHH000490: Using JtaPlatform implementation: [org.hibernate.engine.transaction.jta.platform.internal.NoJtaPlatform]
2022-08-03 23:02:03.774  INFO 5248 --- [restartedMain] j.LocalContainerEntityManagerFactoryBean : Initialized JPA EntityManagerFactory for persistence unit 'default'
2022-08-03 23:02:03.791  WARN 5248 --- [restartedMain] JpaBaseConfiguration$JpaWebConfiguration : spring.jpa.open-in-view is enabled by default. Therefore, database queries may be performed during view rendering. Explicitly configure spring.jpa.open-in-view to disable this warning
2022-08-03 23:02:03.858  WARN 5248 --- [restartedMain] o.s.s.c.a.web.builders.WebSecurity       : You are asking Spring Security to ignore Ant [pattern='/images/**']. This is not recommended -- please use permitAll via HttpSecurity#authorizeHttpRequests instead.
2022-08-03 23:02:03.858  INFO 5248 --- [restartedMain] o.s.s.web.DefaultSecurityFilterChain     : Will not secure Ant [pattern='/images/**']
2022-08-03 23:02:03.858  WARN 5248 --- [restartedMain] o.s.s.c.a.web.builders.WebSecurity       : You are asking Spring Security to ignore Ant [pattern='/js/**']. This is not recommended -- please use permitAll via HttpSecurity#authorizeHttpRequests instead.
2022-08-03 23:02:03.858  INFO 5248 --- [restartedMain] o.s.s.web.DefaultSecurityFilterChain     : Will not secure Ant [pattern='/js/**']
2022-08-03 23:02:03.858  WARN 5248 --- [restartedMain] o.s.s.c.a.web.builders.WebSecurity       : You are asking Spring Security to ignore Ant [pattern='/webjars/**']. This is not recommended -- please use permitAll via HttpSecurity#authorizeHttpRequests instead.
2022-08-03 23:02:03.858  INFO 5248 --- [restartedMain] o.s.s.web.DefaultSecurityFilterChain     : Will not secure Ant [pattern='/webjars/**']
2022-08-03 23:02:03.864  INFO 5248 --- [restartedMain] o.s.s.web.DefaultSecurityFilterChain     : Will secure any request with [org.springframework.security.web.session.DisableEncodeUrlFilter@1fb9fdea, org.springframework.security.web.context.request.async.WebAsyncManagerIntegrationFilter@206c3022, org.springframework.security.web.context.SecurityContextPersistenceFilter@21a13ff0, org.springframework.security.web.header.HeaderWriterFilter@9f99503, org.springframework.security.web.csrf.CsrfFilter@6bd6b959, org.springframework.security.web.authentication.logout.LogoutFilter@15bf836a, org.springframework.security.web.authentication.UsernamePasswordAuthenticationFilter@2d575db6, org.springframework.security.web.savedrequest.RequestCacheAwareFilter@1d32c679, org.springframework.security.web.servletapi.SecurityContextHolderAwareRequestFilter@58a61951, org.springframework.security.web.authentication.rememberme.RememberMeAuthenticationFilter@5fa9f40d, org.springframework.security.web.authentication.AnonymousAuthenticationFilter@37417374, org.springframework.security.web.session.SessionManagementFilter@7f635d34, org.springframework.security.web.access.ExceptionTranslationFilter@5dfc3a7f, org.springframework.security.web.access.intercept.FilterSecurityInterceptor@4c8e7c9b]
2022-08-03 23:02:03.901  INFO 5248 --- [restartedMain] o.s.b.a.w.s.WelcomePageHandlerMapping    : Adding welcome page template: index
2022-08-03 23:02:04.185  INFO 5248 --- [restartedMain] o.s.b.d.a.OptionalLiveReloadServer       : LiveReload server is running on port 35729
2022-08-03 23:02:04.195  INFO 5248 --- [restartedMain] o.s.b.w.embedded.tomcat.TomcatWebServer  : Tomcat started on port(s): 8080 (http) with context path '/ShopmeAdmin'
2022-08-03 23:02:04.199  INFO 5248 --- [restartedMain] c.shopme.admin.ShopmeBackEndApplication  : Started ShopmeBackEndApplication in 0.82 seconds (JVM running for 2798.942)
2022-08-03 23:02:04.200  INFO 5248 --- [restartedMain] .ConditionEvaluationDeltaLoggingListener : Condition evaluation unchanged
2022-08-03 23:04:35.192  INFO 5248 --- [Thread-11] j.LocalContainerEntityManagerFactoryBean : Closing JPA EntityManagerFactory for persistence unit 'default'
2022-08-03 23:04:35.193  INFO 5248 --- [Thread-11] com.zaxxer.hikari.HikariDataSource       : HikariPool-3 - Shutdown initiated...
2022-08-03 23:04:35.196  INFO 5248 --- [Thread-11] com.zaxxer.hikari.HikariDataSource       : HikariPool-3 - Shutdown completed.
2022-08-03 23:04:35.261  INFO 5248 --- [restartedMain] c.shopme.admin.ShopmeBackEndApplication  : Starting ShopmeBackEndApplication using Java 17.0.3.1 on locvb-home with PID 5248 (D:\Projects\ShopmeProject\ShopmeWebParent\ShopmeBackEnd\target\classes started by vbloc in D:\Projects\ShopmeProject\ShopmeWebParent\ShopmeBackEnd)
2022-08-03 23:04:35.261  INFO 5248 --- [restartedMain] c.shopme.admin.ShopmeBackEndApplication  : No active profile set, falling back to 1 default profile: "default"
2022-08-03 23:04:35.451  INFO 5248 --- [restartedMain] .s.d.r.c.RepositoryConfigurationDelegate : Bootstrapping Spring Data JPA repositories in DEFAULT mode.
2022-08-03 23:04:35.466  INFO 5248 --- [restartedMain] .s.d.r.c.RepositoryConfigurationDelegate : Finished Spring Data repository scanning in 14 ms. Found 2 JPA repository interfaces.
2022-08-03 23:04:35.570  INFO 5248 --- [restartedMain] o.s.b.w.embedded.tomcat.TomcatWebServer  : Tomcat initialized with port(s): 8080 (http)
2022-08-03 23:04:35.571  INFO 5248 --- [restartedMain] o.apache.catalina.core.StandardService   : Starting service [Tomcat]
2022-08-03 23:04:35.571  INFO 5248 --- [restartedMain] org.apache.catalina.core.StandardEngine  : Starting Servlet engine: [Apache Tomcat/9.0.63]
2022-08-03 23:04:35.584  INFO 5248 --- [restartedMain] o.a.c.c.C.[.[localhost].[/ShopmeAdmin]   : Initializing Spring embedded WebApplicationContext
2022-08-03 23:04:35.585  INFO 5248 --- [restartedMain] w.s.c.ServletWebServerApplicationContext : Root WebApplicationContext: initialization completed in 321 ms
2022-08-03 23:04:35.616  INFO 5248 --- [restartedMain] o.hibernate.jpa.internal.util.LogHelper  : HHH000204: Processing PersistenceUnitInfo [name: default]
2022-08-03 23:04:35.620  INFO 5248 --- [restartedMain] com.zaxxer.hikari.HikariDataSource       : HikariPool-4 - Starting...
2022-08-03 23:04:35.630  INFO 5248 --- [restartedMain] com.zaxxer.hikari.HikariDataSource       : HikariPool-4 - Start completed.
2022-08-03 23:04:35.631  INFO 5248 --- [restartedMain] org.hibernate.dialect.Dialect            : HHH000400: Using dialect: org.hibernate.dialect.MySQL8Dialect
2022-08-03 23:04:35.676  INFO 5248 --- [restartedMain] o.h.e.t.j.p.i.JtaPlatformInitiator       : HHH000490: Using JtaPlatform implementation: [org.hibernate.engine.transaction.jta.platform.internal.NoJtaPlatform]
2022-08-03 23:04:35.677  INFO 5248 --- [restartedMain] j.LocalContainerEntityManagerFactoryBean : Initialized JPA EntityManagerFactory for persistence unit 'default'
2022-08-03 23:04:35.697  WARN 5248 --- [restartedMain] JpaBaseConfiguration$JpaWebConfiguration : spring.jpa.open-in-view is enabled by default. Therefore, database queries may be performed during view rendering. Explicitly configure spring.jpa.open-in-view to disable this warning
2022-08-03 23:04:35.787  WARN 5248 --- [restartedMain] o.s.s.c.a.web.builders.WebSecurity       : You are asking Spring Security to ignore Ant [pattern='/images/**']. This is not recommended -- please use permitAll via HttpSecurity#authorizeHttpRequests instead.
2022-08-03 23:04:35.787  INFO 5248 --- [restartedMain] o.s.s.web.DefaultSecurityFilterChain     : Will not secure Ant [pattern='/images/**']
2022-08-03 23:04:35.787  WARN 5248 --- [restartedMain] o.s.s.c.a.web.builders.WebSecurity       : You are asking Spring Security to ignore Ant [pattern='/js/**']. This is not recommended -- please use permitAll via HttpSecurity#authorizeHttpRequests instead.
2022-08-03 23:04:35.787  INFO 5248 --- [restartedMain] o.s.s.web.DefaultSecurityFilterChain     : Will not secure Ant [pattern='/js/**']
2022-08-03 23:04:35.787  WARN 5248 --- [restartedMain] o.s.s.c.a.web.builders.WebSecurity       : You are asking Spring Security to ignore Ant [pattern='/webjars/**']. This is not recommended -- please use permitAll via HttpSecurity#authorizeHttpRequests instead.
2022-08-03 23:04:35.787  INFO 5248 --- [restartedMain] o.s.s.web.DefaultSecurityFilterChain     : Will not secure Ant [pattern='/webjars/**']
2022-08-03 23:04:35.799  INFO 5248 --- [restartedMain] o.s.s.web.DefaultSecurityFilterChain     : Will secure any request with [org.springframework.security.web.session.DisableEncodeUrlFilter@58ffe5ca, org.springframework.security.web.context.request.async.WebAsyncManagerIntegrationFilter@5f82543e, org.springframework.security.web.context.SecurityContextPersistenceFilter@70eafa01, org.springframework.security.web.header.HeaderWriterFilter@250fc5bd, org.springframework.security.web.csrf.CsrfFilter@4c0ec366, org.springframework.security.web.authentication.logout.LogoutFilter@6b2846a0, org.springframework.security.web.authentication.UsernamePasswordAuthenticationFilter@32f842f2, org.springframework.security.web.savedrequest.RequestCacheAwareFilter@462ebecb, org.springframework.security.web.servletapi.SecurityContextHolderAwareRequestFilter@1dd7b99e, org.springframework.security.web.authentication.rememberme.RememberMeAuthenticationFilter@4b7bcc91, org.springframework.security.web.authentication.AnonymousAuthenticationFilter@2f9d62ee, org.springframework.security.web.session.SessionManagementFilter@4ac515cc, org.springframework.security.web.access.ExceptionTranslationFilter@38f1c06f, org.springframework.security.web.access.intercept.FilterSecurityInterceptor@7bbf88bb]
2022-08-03 23:04:35.852  INFO 5248 --- [restartedMain] o.s.b.a.w.s.WelcomePageHandlerMapping    : Adding welcome page template: index
2022-08-03 23:04:36.267  INFO 5248 --- [restartedMain] o.s.b.d.a.OptionalLiveReloadServer       : LiveReload server is running on port 35729
2022-08-03 23:04:36.280  INFO 5248 --- [restartedMain] o.s.b.w.embedded.tomcat.TomcatWebServer  : Tomcat started on port(s): 8080 (http) with context path '/ShopmeAdmin'
2022-08-03 23:04:36.284  INFO 5248 --- [restartedMain] c.shopme.admin.ShopmeBackEndApplication  : Started ShopmeBackEndApplication in 1.049 seconds (JVM running for 2951.028)
2022-08-03 23:04:36.286  INFO 5248 --- [restartedMain] .ConditionEvaluationDeltaLoggingListener : Condition evaluation unchanged
2022-08-03 23:05:02.147  INFO 5248 --- [Thread-15] j.LocalContainerEntityManagerFactoryBean : Closing JPA EntityManagerFactory for persistence unit 'default'
2022-08-03 23:05:02.148  INFO 5248 --- [Thread-15] com.zaxxer.hikari.HikariDataSource       : HikariPool-4 - Shutdown initiated...
2022-08-03 23:05:02.152  INFO 5248 --- [Thread-15] com.zaxxer.hikari.HikariDataSource       : HikariPool-4 - Shutdown completed.
2022-08-03 23:05:02.219  INFO 5248 --- [restartedMain] c.shopme.admin.ShopmeBackEndApplication  : Starting ShopmeBackEndApplication using Java 17.0.3.1 on locvb-home with PID 5248 (D:\Projects\ShopmeProject\ShopmeWebParent\ShopmeBackEnd\target\classes started by vbloc in D:\Projects\ShopmeProject\ShopmeWebParent\ShopmeBackEnd)
2022-08-03 23:05:02.220  INFO 5248 --- [restartedMain] c.shopme.admin.ShopmeBackEndApplication  : No active profile set, falling back to 1 default profile: "default"
2022-08-03 23:05:02.371  INFO 5248 --- [restartedMain] .s.d.r.c.RepositoryConfigurationDelegate : Bootstrapping Spring Data JPA repositories in DEFAULT mode.
2022-08-03 23:05:02.381  INFO 5248 --- [restartedMain] .s.d.r.c.RepositoryConfigurationDelegate : Finished Spring Data repository scanning in 9 ms. Found 2 JPA repository interfaces.
2022-08-03 23:05:02.449  INFO 5248 --- [restartedMain] o.s.b.w.embedded.tomcat.TomcatWebServer  : Tomcat initialized with port(s): 8080 (http)
2022-08-03 23:05:02.450  INFO 5248 --- [restartedMain] o.apache.catalina.core.StandardService   : Starting service [Tomcat]
2022-08-03 23:05:02.450  INFO 5248 --- [restartedMain] org.apache.catalina.core.StandardEngine  : Starting Servlet engine: [Apache Tomcat/9.0.63]
2022-08-03 23:05:02.463  INFO 5248 --- [restartedMain] o.a.c.c.C.[.[localhost].[/ShopmeAdmin]   : Initializing Spring embedded WebApplicationContext
2022-08-03 23:05:02.463  INFO 5248 --- [restartedMain] w.s.c.ServletWebServerApplicationContext : Root WebApplicationContext: initialization completed in 241 ms
2022-08-03 23:05:02.497  INFO 5248 --- [restartedMain] o.hibernate.jpa.internal.util.LogHelper  : HHH000204: Processing PersistenceUnitInfo [name: default]
2022-08-03 23:05:02.501  INFO 5248 --- [restartedMain] com.zaxxer.hikari.HikariDataSource       : HikariPool-5 - Starting...
2022-08-03 23:05:02.510  INFO 5248 --- [restartedMain] com.zaxxer.hikari.HikariDataSource       : HikariPool-5 - Start completed.
2022-08-03 23:05:02.511  INFO 5248 --- [restartedMain] org.hibernate.dialect.Dialect            : HHH000400: Using dialect: org.hibernate.dialect.MySQL8Dialect
2022-08-03 23:05:02.550  INFO 5248 --- [restartedMain] o.h.e.t.j.p.i.JtaPlatformInitiator       : HHH000490: Using JtaPlatform implementation: [org.hibernate.engine.transaction.jta.platform.internal.NoJtaPlatform]
2022-08-03 23:05:02.550  INFO 5248 --- [restartedMain] j.LocalContainerEntityManagerFactoryBean : Initialized JPA EntityManagerFactory for persistence unit 'default'
2022-08-03 23:05:02.568  WARN 5248 --- [restartedMain] JpaBaseConfiguration$JpaWebConfiguration : spring.jpa.open-in-view is enabled by default. Therefore, database queries may be performed during view rendering. Explicitly configure spring.jpa.open-in-view to disable this warning
2022-08-03 23:05:02.645  WARN 5248 --- [restartedMain] o.s.s.c.a.web.builders.WebSecurity       : You are asking Spring Security to ignore Ant [pattern='/images/**']. This is not recommended -- please use permitAll via HttpSecurity#authorizeHttpRequests instead.
2022-08-03 23:05:02.645  INFO 5248 --- [restartedMain] o.s.s.web.DefaultSecurityFilterChain     : Will not secure Ant [pattern='/images/**']
2022-08-03 23:05:02.645  WARN 5248 --- [restartedMain] o.s.s.c.a.web.builders.WebSecurity       : You are asking Spring Security to ignore Ant [pattern='/js/**']. This is not recommended -- please use permitAll via HttpSecurity#authorizeHttpRequests instead.
2022-08-03 23:05:02.645  INFO 5248 --- [restartedMain] o.s.s.web.DefaultSecurityFilterChain     : Will not secure Ant [pattern='/js/**']
2022-08-03 23:05:02.645  WARN 5248 --- [restartedMain] o.s.s.c.a.web.builders.WebSecurity       : You are asking Spring Security to ignore Ant [pattern='/webjars/**']. This is not recommended -- please use permitAll via HttpSecurity#authorizeHttpRequests instead.
2022-08-03 23:05:02.645  INFO 5248 --- [restartedMain] o.s.s.web.DefaultSecurityFilterChain     : Will not secure Ant [pattern='/webjars/**']
2022-08-03 23:05:02.652  INFO 5248 --- [restartedMain] o.s.s.web.DefaultSecurityFilterChain     : Will secure any request with [org.springframework.security.web.session.DisableEncodeUrlFilter@37a5aa20, org.springframework.security.web.context.request.async.WebAsyncManagerIntegrationFilter@690218a, org.springframework.security.web.context.SecurityContextPersistenceFilter@39218c9, org.springframework.security.web.header.HeaderWriterFilter@18d27144, org.springframework.security.web.csrf.CsrfFilter@77780efa, org.springframework.security.web.authentication.logout.LogoutFilter@36348e77, org.springframework.security.web.authentication.UsernamePasswordAuthenticationFilter@3db340f9, org.springframework.security.web.savedrequest.RequestCacheAwareFilter@4c1348d8, org.springframework.security.web.servletapi.SecurityContextHolderAwareRequestFilter@4740584f, org.springframework.security.web.authentication.rememberme.RememberMeAuthenticationFilter@6169ae31, org.springframework.security.web.authentication.AnonymousAuthenticationFilter@21031d29, org.springframework.security.web.session.SessionManagementFilter@342acf68, org.springframework.security.web.access.ExceptionTranslationFilter@f9e6ed, org.springframework.security.web.access.intercept.FilterSecurityInterceptor@408e2147]
2022-08-03 23:05:02.694  INFO 5248 --- [restartedMain] o.s.b.a.w.s.WelcomePageHandlerMapping    : Adding welcome page template: index
2022-08-03 23:05:03.008  INFO 5248 --- [restartedMain] o.s.b.d.a.OptionalLiveReloadServer       : LiveReload server is running on port 35729
2022-08-03 23:05:03.018  INFO 5248 --- [restartedMain] o.s.b.w.embedded.tomcat.TomcatWebServer  : Tomcat started on port(s): 8080 (http) with context path '/ShopmeAdmin'
2022-08-03 23:05:03.021  INFO 5248 --- [restartedMain] c.shopme.admin.ShopmeBackEndApplication  : Started ShopmeBackEndApplication in 0.825 seconds (JVM running for 2977.765)
2022-08-03 23:05:03.022  INFO 5248 --- [restartedMain] .ConditionEvaluationDeltaLoggingListener : Condition evaluation unchanged
2022-08-03 23:05:33.975  INFO 5248 --- [Thread-19] j.LocalContainerEntityManagerFactoryBean : Closing JPA EntityManagerFactory for persistence unit 'default'
2022-08-03 23:05:33.975  INFO 5248 --- [Thread-19] com.zaxxer.hikari.HikariDataSource       : HikariPool-5 - Shutdown initiated...
2022-08-03 23:05:33.978  INFO 5248 --- [Thread-19] com.zaxxer.hikari.HikariDataSource       : HikariPool-5 - Shutdown completed.
2022-08-03 23:05:48.753  INFO 5248 --- [restartedMain] c.shopme.admin.ShopmeBackEndApplication  : Starting ShopmeBackEndApplication using Java 17.0.3.1 on locvb-home with PID 5248 (D:\Projects\ShopmeProject\ShopmeWebParent\ShopmeBackEnd\target\classes started by vbloc in D:\Projects\ShopmeProject\ShopmeWebParent\ShopmeBackEnd)
2022-08-03 23:05:48.753  INFO 5248 --- [restartedMain] c.shopme.admin.ShopmeBackEndApplication  : No active profile set, falling back to 1 default profile: "default"
2022-08-03 23:05:48.895  INFO 5248 --- [restartedMain] .s.d.r.c.RepositoryConfigurationDelegate : Bootstrapping Spring Data JPA repositories in DEFAULT mode.
2022-08-03 23:05:48.906  INFO 5248 --- [restartedMain] .s.d.r.c.RepositoryConfigurationDelegate : Finished Spring Data repository scanning in 10 ms. Found 2 JPA repository interfaces.
2022-08-03 23:05:48.975  INFO 5248 --- [restartedMain] o.s.b.w.embedded.tomcat.TomcatWebServer  : Tomcat initialized with port(s): 8080 (http)
2022-08-03 23:05:48.976  INFO 5248 --- [restartedMain] o.apache.catalina.core.StandardService   : Starting service [Tomcat]
2022-08-03 23:05:48.976  INFO 5248 --- [restartedMain] org.apache.catalina.core.StandardEngine  : Starting Servlet engine: [Apache Tomcat/9.0.63]
2022-08-03 23:05:48.992  INFO 5248 --- [restartedMain] o.a.c.c.C.[.[localhost].[/ShopmeAdmin]   : Initializing Spring embedded WebApplicationContext
2022-08-03 23:05:48.992  INFO 5248 --- [restartedMain] w.s.c.ServletWebServerApplicationContext : Root WebApplicationContext: initialization completed in 236 ms
2022-08-03 23:05:49.026  INFO 5248 --- [restartedMain] o.hibernate.jpa.internal.util.LogHelper  : HHH000204: Processing PersistenceUnitInfo [name: default]
2022-08-03 23:05:49.030  INFO 5248 --- [restartedMain] com.zaxxer.hikari.HikariDataSource       : HikariPool-6 - Starting...
2022-08-03 23:05:49.039  INFO 5248 --- [restartedMain] com.zaxxer.hikari.HikariDataSource       : HikariPool-6 - Start completed.
2022-08-03 23:05:49.040  INFO 5248 --- [restartedMain] org.hibernate.dialect.Dialect            : HHH000400: Using dialect: org.hibernate.dialect.MySQL8Dialect
2022-08-03 23:05:49.078  INFO 5248 --- [restartedMain] o.h.e.t.j.p.i.JtaPlatformInitiator       : HHH000490: Using JtaPlatform implementation: [org.hibernate.engine.transaction.jta.platform.internal.NoJtaPlatform]
2022-08-03 23:05:49.079  INFO 5248 --- [restartedMain] j.LocalContainerEntityManagerFactoryBean : Initialized JPA EntityManagerFactory for persistence unit 'default'
2022-08-03 23:05:49.094  WARN 5248 --- [restartedMain] JpaBaseConfiguration$JpaWebConfiguration : spring.jpa.open-in-view is enabled by default. Therefore, database queries may be performed during view rendering. Explicitly configure spring.jpa.open-in-view to disable this warning
2022-08-03 23:05:49.157  WARN 5248 --- [restartedMain] o.s.s.c.a.web.builders.WebSecurity       : You are asking Spring Security to ignore Ant [pattern='/images/**']. This is not recommended -- please use permitAll via HttpSecurity#authorizeHttpRequests instead.
2022-08-03 23:05:49.157  INFO 5248 --- [restartedMain] o.s.s.web.DefaultSecurityFilterChain     : Will not secure Ant [pattern='/images/**']
2022-08-03 23:05:49.157  WARN 5248 --- [restartedMain] o.s.s.c.a.web.builders.WebSecurity       : You are asking Spring Security to ignore Ant [pattern='/js/**']. This is not recommended -- please use permitAll via HttpSecurity#authorizeHttpRequests instead.
2022-08-03 23:05:49.157  INFO 5248 --- [restartedMain] o.s.s.web.DefaultSecurityFilterChain     : Will not secure Ant [pattern='/js/**']
2022-08-03 23:05:49.157  WARN 5248 --- [restartedMain] o.s.s.c.a.web.builders.WebSecurity       : You are asking Spring Security to ignore Ant [pattern='/webjars/**']. This is not recommended -- please use permitAll via HttpSecurity#authorizeHttpRequests instead.
2022-08-03 23:05:49.157  INFO 5248 --- [restartedMain] o.s.s.web.DefaultSecurityFilterChain     : Will not secure Ant [pattern='/webjars/**']
2022-08-03 23:05:49.163  INFO 5248 --- [restartedMain] o.s.s.web.DefaultSecurityFilterChain     : Will secure any request with [org.springframework.security.web.session.DisableEncodeUrlFilter@15034ea9, org.springframework.security.web.context.request.async.WebAsyncManagerIntegrationFilter@5b2d4fe3, org.springframework.security.web.context.SecurityContextPersistenceFilter@6c093f3, org.springframework.security.web.header.HeaderWriterFilter@77fefe2f, org.springframework.security.web.csrf.CsrfFilter@12c5c81a, org.springframework.security.web.authentication.logout.LogoutFilter@4594a99f, org.springframework.security.web.authentication.UsernamePasswordAuthenticationFilter@2b1ec9c6, org.springframework.security.web.savedrequest.RequestCacheAwareFilter@350031e1, org.springframework.security.web.servletapi.SecurityContextHolderAwareRequestFilter@358faee8, org.springframework.security.web.authentication.rememberme.RememberMeAuthenticationFilter@2072a41a, org.springframework.security.web.authentication.AnonymousAuthenticationFilter@6a0fdb9, org.springframework.security.web.session.SessionManagementFilter@3af919ae, org.springframework.security.web.access.ExceptionTranslationFilter@6b3b091b, org.springframework.security.web.access.intercept.FilterSecurityInterceptor@bb8ab09]
2022-08-03 23:05:49.203  INFO 5248 --- [restartedMain] o.s.b.a.w.s.WelcomePageHandlerMapping    : Adding welcome page template: index
2022-08-03 23:05:49.488  INFO 5248 --- [restartedMain] o.s.b.d.a.OptionalLiveReloadServer       : LiveReload server is running on port 35729
2022-08-03 23:05:49.498  INFO 5248 --- [restartedMain] o.s.b.w.embedded.tomcat.TomcatWebServer  : Tomcat started on port(s): 8080 (http) with context path '/ShopmeAdmin'
2022-08-03 23:05:49.501  INFO 5248 --- [restartedMain] c.shopme.admin.ShopmeBackEndApplication  : Started ShopmeBackEndApplication in 0.769 seconds (JVM running for 3024.245)
2022-08-03 23:05:49.502  INFO 5248 --- [restartedMain] .ConditionEvaluationDeltaLoggingListener : Condition evaluation unchanged
2022-08-03 23:06:07.177  INFO 5248 --- [Thread-23] j.LocalContainerEntityManagerFactoryBean : Closing JPA EntityManagerFactory for persistence unit 'default'
2022-08-03 23:06:07.178  INFO 5248 --- [Thread-23] com.zaxxer.hikari.HikariDataSource       : HikariPool-6 - Shutdown initiated...
2022-08-03 23:06:07.181  INFO 5248 --- [Thread-23] com.zaxxer.hikari.HikariDataSource       : HikariPool-6 - Shutdown completed.
2022-08-03 23:06:07.252  INFO 5248 --- [restartedMain] c.shopme.admin.ShopmeBackEndApplication  : Starting ShopmeBackEndApplication using Java 17.0.3.1 on locvb-home with PID 5248 (D:\Projects\ShopmeProject\ShopmeWebParent\ShopmeBackEnd\target\classes started by vbloc in D:\Projects\ShopmeProject\ShopmeWebParent\ShopmeBackEnd)
2022-08-03 23:06:07.252  INFO 5248 --- [restartedMain] c.shopme.admin.ShopmeBackEndApplication  : No active profile set, falling back to 1 default profile: "default"
2022-08-03 23:06:07.417  INFO 5248 --- [restartedMain] .s.d.r.c.RepositoryConfigurationDelegate : Bootstrapping Spring Data JPA repositories in DEFAULT mode.
2022-08-03 23:06:07.428  INFO 5248 --- [restartedMain] .s.d.r.c.RepositoryConfigurationDelegate : Finished Spring Data repository scanning in 10 ms. Found 2 JPA repository interfaces.
2022-08-03 23:06:07.500  INFO 5248 --- [restartedMain] o.s.b.w.embedded.tomcat.TomcatWebServer  : Tomcat initialized with port(s): 8080 (http)
2022-08-03 23:06:07.500  INFO 5248 --- [restartedMain] o.apache.catalina.core.StandardService   : Starting service [Tomcat]
2022-08-03 23:06:07.500  INFO 5248 --- [restartedMain] org.apache.catalina.core.StandardEngine  : Starting Servlet engine: [Apache Tomcat/9.0.63]
2022-08-03 23:06:07.518  INFO 5248 --- [restartedMain] o.a.c.c.C.[.[localhost].[/ShopmeAdmin]   : Initializing Spring embedded WebApplicationContext
2022-08-03 23:06:07.518  INFO 5248 --- [restartedMain] w.s.c.ServletWebServerApplicationContext : Root WebApplicationContext: initialization completed in 262 ms
2022-08-03 23:06:07.549  INFO 5248 --- [restartedMain] o.hibernate.jpa.internal.util.LogHelper  : HHH000204: Processing PersistenceUnitInfo [name: default]
2022-08-03 23:06:07.553  INFO 5248 --- [restartedMain] com.zaxxer.hikari.HikariDataSource       : HikariPool-7 - Starting...
2022-08-03 23:06:07.562  INFO 5248 --- [restartedMain] com.zaxxer.hikari.HikariDataSource       : HikariPool-7 - Start completed.
2022-08-03 23:06:07.563  INFO 5248 --- [restartedMain] org.hibernate.dialect.Dialect            : HHH000400: Using dialect: org.hibernate.dialect.MySQL8Dialect
2022-08-03 23:06:07.602  INFO 5248 --- [restartedMain] o.h.e.t.j.p.i.JtaPlatformInitiator       : HHH000490: Using JtaPlatform implementation: [org.hibernate.engine.transaction.jta.platform.internal.NoJtaPlatform]
2022-08-03 23:06:07.603  INFO 5248 --- [restartedMain] j.LocalContainerEntityManagerFactoryBean : Initialized JPA EntityManagerFactory for persistence unit 'default'
2022-08-03 23:06:07.619  WARN 5248 --- [restartedMain] JpaBaseConfiguration$JpaWebConfiguration : spring.jpa.open-in-view is enabled by default. Therefore, database queries may be performed during view rendering. Explicitly configure spring.jpa.open-in-view to disable this warning
2022-08-03 23:06:07.688  WARN 5248 --- [restartedMain] o.s.s.c.a.web.builders.WebSecurity       : You are asking Spring Security to ignore Ant [pattern='/images/**']. This is not recommended -- please use permitAll via HttpSecurity#authorizeHttpRequests instead.
2022-08-03 23:06:07.689  INFO 5248 --- [restartedMain] o.s.s.web.DefaultSecurityFilterChain     : Will not secure Ant [pattern='/images/**']
2022-08-03 23:06:07.689  WARN 5248 --- [restartedMain] o.s.s.c.a.web.builders.WebSecurity       : You are asking Spring Security to ignore Ant [pattern='/js/**']. This is not recommended -- please use permitAll via HttpSecurity#authorizeHttpRequests instead.
2022-08-03 23:06:07.689  INFO 5248 --- [restartedMain] o.s.s.web.DefaultSecurityFilterChain     : Will not secure Ant [pattern='/js/**']
2022-08-03 23:06:07.689  WARN 5248 --- [restartedMain] o.s.s.c.a.web.builders.WebSecurity       : You are asking Spring Security to ignore Ant [pattern='/webjars/**']. This is not recommended -- please use permitAll via HttpSecurity#authorizeHttpRequests instead.
2022-08-03 23:06:07.689  INFO 5248 --- [restartedMain] o.s.s.web.DefaultSecurityFilterChain     : Will not secure Ant [pattern='/webjars/**']
2022-08-03 23:06:07.695  INFO 5248 --- [restartedMain] o.s.s.web.DefaultSecurityFilterChain     : Will secure any request with [org.springframework.security.web.session.DisableEncodeUrlFilter@66c81485, org.springframework.security.web.context.request.async.WebAsyncManagerIntegrationFilter@5c626f26, org.springframework.security.web.context.SecurityContextPersistenceFilter@c2dd46f, org.springframework.security.web.header.HeaderWriterFilter@11675082, org.springframework.security.web.csrf.CsrfFilter@1c2873b8, org.springframework.security.web.authentication.logout.LogoutFilter@67b87ebe, org.springframework.security.web.authentication.UsernamePasswordAuthenticationFilter@470409ef, org.springframework.security.web.savedrequest.RequestCacheAwareFilter@43f645d8, org.springframework.security.web.servletapi.SecurityContextHolderAwareRequestFilter@68beee64, org.springframework.security.web.authentication.rememberme.RememberMeAuthenticationFilter@751f2754, org.springframework.security.web.authentication.AnonymousAuthenticationFilter@3bce4e34, org.springframework.security.web.session.SessionManagementFilter@5347c80c, org.springframework.security.web.access.ExceptionTranslationFilter@6235b436, org.springframework.security.web.access.intercept.FilterSecurityInterceptor@7e688f1d]
2022-08-03 23:06:07.730  INFO 5248 --- [restartedMain] o.s.b.a.w.s.WelcomePageHandlerMapping    : Adding welcome page template: index
2022-08-03 23:06:07.992  INFO 5248 --- [restartedMain] o.s.b.d.a.OptionalLiveReloadServer       : LiveReload server is running on port 35729
2022-08-03 23:06:08.002  INFO 5248 --- [restartedMain] o.s.b.w.embedded.tomcat.TomcatWebServer  : Tomcat started on port(s): 8080 (http) with context path '/ShopmeAdmin'
2022-08-03 23:06:08.005  INFO 5248 --- [restartedMain] c.shopme.admin.ShopmeBackEndApplication  : Started ShopmeBackEndApplication in 0.78 seconds (JVM running for 3042.749)
2022-08-03 23:06:08.007  INFO 5248 --- [restartedMain] .ConditionEvaluationDeltaLoggingListener : Condition evaluation unchanged
2022-08-03 23:09:38.989  INFO 5248 --- [Thread-29] j.LocalContainerEntityManagerFactoryBean : Closing JPA EntityManagerFactory for persistence unit 'default'
2022-08-03 23:09:38.990  INFO 5248 --- [Thread-29] com.zaxxer.hikari.HikariDataSource       : HikariPool-7 - Shutdown initiated...
2022-08-03 23:09:38.993  INFO 5248 --- [Thread-29] com.zaxxer.hikari.HikariDataSource       : HikariPool-7 - Shutdown completed.
2022-08-03 23:09:39.077  INFO 5248 --- [restartedMain] c.shopme.admin.ShopmeBackEndApplication  : Starting ShopmeBackEndApplication using Java 17.0.3.1 on locvb-home with PID 5248 (D:\Projects\ShopmeProject\ShopmeWebParent\ShopmeBackEnd\target\classes started by vbloc in D:\Projects\ShopmeProject\ShopmeWebParent\ShopmeBackEnd)
2022-08-03 23:09:39.077  INFO 5248 --- [restartedMain] c.shopme.admin.ShopmeBackEndApplication  : No active profile set, falling back to 1 default profile: "default"
2022-08-03 23:09:39.294  INFO 5248 --- [restartedMain] .s.d.r.c.RepositoryConfigurationDelegate : Bootstrapping Spring Data JPA repositories in DEFAULT mode.
2022-08-03 23:09:39.308  INFO 5248 --- [restartedMain] .s.d.r.c.RepositoryConfigurationDelegate : Finished Spring Data repository scanning in 13 ms. Found 2 JPA repository interfaces.
2022-08-03 23:09:39.432  INFO 5248 --- [restartedMain] o.s.b.w.embedded.tomcat.TomcatWebServer  : Tomcat initialized with port(s): 8080 (http)
2022-08-03 23:09:39.433  INFO 5248 --- [restartedMain] o.apache.catalina.core.StandardService   : Starting service [Tomcat]
2022-08-03 23:09:39.433  INFO 5248 --- [restartedMain] org.apache.catalina.core.StandardEngine  : Starting Servlet engine: [Apache Tomcat/9.0.63]
2022-08-03 23:09:39.458  INFO 5248 --- [restartedMain] o.a.c.c.C.[.[localhost].[/ShopmeAdmin]   : Initializing Spring embedded WebApplicationContext
2022-08-03 23:09:39.458  INFO 5248 --- [restartedMain] w.s.c.ServletWebServerApplicationContext : Root WebApplicationContext: initialization completed in 377 ms
2022-08-03 23:09:39.499  INFO 5248 --- [restartedMain] o.hibernate.jpa.internal.util.LogHelper  : HHH000204: Processing PersistenceUnitInfo [name: default]
2022-08-03 23:09:39.505  INFO 5248 --- [restartedMain] com.zaxxer.hikari.HikariDataSource       : HikariPool-8 - Starting...
2022-08-03 23:09:39.518  INFO 5248 --- [restartedMain] com.zaxxer.hikari.HikariDataSource       : HikariPool-8 - Start completed.
2022-08-03 23:09:39.518  INFO 5248 --- [restartedMain] org.hibernate.dialect.Dialect            : HHH000400: Using dialect: org.hibernate.dialect.MySQL8Dialect
2022-08-03 23:09:39.564  INFO 5248 --- [restartedMain] o.h.e.t.j.p.i.JtaPlatformInitiator       : HHH000490: Using JtaPlatform implementation: [org.hibernate.engine.transaction.jta.platform.internal.NoJtaPlatform]
2022-08-03 23:09:39.564  INFO 5248 --- [restartedMain] j.LocalContainerEntityManagerFactoryBean : Initialized JPA EntityManagerFactory for persistence unit 'default'
2022-08-03 23:09:39.588  WARN 5248 --- [restartedMain] JpaBaseConfiguration$JpaWebConfiguration : spring.jpa.open-in-view is enabled by default. Therefore, database queries may be performed during view rendering. Explicitly configure spring.jpa.open-in-view to disable this warning
2022-08-03 23:09:39.692  WARN 5248 --- [restartedMain] o.s.s.c.a.web.builders.WebSecurity       : You are asking Spring Security to ignore Ant [pattern='/images/**']. This is not recommended -- please use permitAll via HttpSecurity#authorizeHttpRequests instead.
2022-08-03 23:09:39.692  INFO 5248 --- [restartedMain] o.s.s.web.DefaultSecurityFilterChain     : Will not secure Ant [pattern='/images/**']
2022-08-03 23:09:39.692  WARN 5248 --- [restartedMain] o.s.s.c.a.web.builders.WebSecurity       : You are asking Spring Security to ignore Ant [pattern='/js/**']. This is not recommended -- please use permitAll via HttpSecurity#authorizeHttpRequests instead.
2022-08-03 23:09:39.692  INFO 5248 --- [restartedMain] o.s.s.web.DefaultSecurityFilterChain     : Will not secure Ant [pattern='/js/**']
2022-08-03 23:09:39.692  WARN 5248 --- [restartedMain] o.s.s.c.a.web.builders.WebSecurity       : You are asking Spring Security to ignore Ant [pattern='/webjars/**']. This is not recommended -- please use permitAll via HttpSecurity#authorizeHttpRequests instead.
2022-08-03 23:09:39.692  INFO 5248 --- [restartedMain] o.s.s.web.DefaultSecurityFilterChain     : Will not secure Ant [pattern='/webjars/**']
2022-08-03 23:09:39.705  INFO 5248 --- [restartedMain] o.s.s.web.DefaultSecurityFilterChain     : Will secure any request with [org.springframework.security.web.session.DisableEncodeUrlFilter@6d004b9a, org.springframework.security.web.context.request.async.WebAsyncManagerIntegrationFilter@68577571, org.springframework.security.web.context.SecurityContextPersistenceFilter@5f5f05ba, org.springframework.security.web.header.HeaderWriterFilter@ed0a9ff, org.springframework.security.web.csrf.CsrfFilter@65dfb828, org.springframework.security.web.authentication.logout.LogoutFilter@6c7ce386, org.springframework.security.web.authentication.UsernamePasswordAuthenticationFilter@17ec5872, org.springframework.security.web.savedrequest.RequestCacheAwareFilter@50690505, org.springframework.security.web.servletapi.SecurityContextHolderAwareRequestFilter@5bfdd1a6, org.springframework.security.web.authentication.rememberme.RememberMeAuthenticationFilter@5681bee0, org.springframework.security.web.authentication.AnonymousAuthenticationFilter@1d0d9fc1, org.springframework.security.web.session.SessionManagementFilter@47d9eb91, org.springframework.security.web.access.ExceptionTranslationFilter@5baa9276, org.springframework.security.web.access.intercept.FilterSecurityInterceptor@5cdb312a]
2022-08-03 23:09:39.772  INFO 5248 --- [restartedMain] o.s.b.a.w.s.WelcomePageHandlerMapping    : Adding welcome page template: index
2022-08-03 23:09:40.263  INFO 5248 --- [restartedMain] o.s.b.d.a.OptionalLiveReloadServer       : LiveReload server is running on port 35729
2022-08-03 23:09:40.275  INFO 5248 --- [restartedMain] o.s.b.w.embedded.tomcat.TomcatWebServer  : Tomcat started on port(s): 8080 (http) with context path '/ShopmeAdmin'
2022-08-03 23:09:40.278  INFO 5248 --- [restartedMain] c.shopme.admin.ShopmeBackEndApplication  : Started ShopmeBackEndApplication in 1.234 seconds (JVM running for 3255.022)
2022-08-03 23:09:40.279  INFO 5248 --- [restartedMain] .ConditionEvaluationDeltaLoggingListener : Condition evaluation unchanged
2022-08-03 23:10:10.270  INFO 5248 --- [Thread-33] j.LocalContainerEntityManagerFactoryBean : Closing JPA EntityManagerFactory for persistence unit 'default'
2022-08-03 23:10:10.271  INFO 5248 --- [Thread-33] com.zaxxer.hikari.HikariDataSource       : HikariPool-8 - Shutdown initiated...
2022-08-03 23:10:10.275  INFO 5248 --- [Thread-33] com.zaxxer.hikari.HikariDataSource       : HikariPool-8 - Shutdown completed.
2022-08-03 23:10:10.359  INFO 5248 --- [restartedMain] c.shopme.admin.ShopmeBackEndApplication  : Starting ShopmeBackEndApplication using Java 17.0.3.1 on locvb-home with PID 5248 (D:\Projects\ShopmeProject\ShopmeWebParent\ShopmeBackEnd\target\classes started by vbloc in D:\Projects\ShopmeProject\ShopmeWebParent\ShopmeBackEnd)
2022-08-03 23:10:10.359  INFO 5248 --- [restartedMain] c.shopme.admin.ShopmeBackEndApplication  : No active profile set, falling back to 1 default profile: "default"
2022-08-03 23:10:10.515  INFO 5248 --- [restartedMain] .s.d.r.c.RepositoryConfigurationDelegate : Bootstrapping Spring Data JPA repositories in DEFAULT mode.
2022-08-03 23:10:10.529  INFO 5248 --- [restartedMain] .s.d.r.c.RepositoryConfigurationDelegate : Finished Spring Data repository scanning in 14 ms. Found 2 JPA repository interfaces.
2022-08-03 23:10:10.631  INFO 5248 --- [restartedMain] o.s.b.w.embedded.tomcat.TomcatWebServer  : Tomcat initialized with port(s): 8080 (http)
2022-08-03 23:10:10.632  INFO 5248 --- [restartedMain] o.apache.catalina.core.StandardService   : Starting service [Tomcat]
2022-08-03 23:10:10.632  INFO 5248 --- [restartedMain] org.apache.catalina.core.StandardEngine  : Starting Servlet engine: [Apache Tomcat/9.0.63]
2022-08-03 23:10:10.645  INFO 5248 --- [restartedMain] o.a.c.c.C.[.[localhost].[/ShopmeAdmin]   : Initializing Spring embedded WebApplicationContext
2022-08-03 23:10:10.646  INFO 5248 --- [restartedMain] w.s.c.ServletWebServerApplicationContext : Root WebApplicationContext: initialization completed in 284 ms
2022-08-03 23:10:10.673  INFO 5248 --- [restartedMain] o.hibernate.jpa.internal.util.LogHelper  : HHH000204: Processing PersistenceUnitInfo [name: default]
2022-08-03 23:10:10.677  INFO 5248 --- [restartedMain] com.zaxxer.hikari.HikariDataSource       : HikariPool-9 - Starting...
2022-08-03 23:10:10.686  INFO 5248 --- [restartedMain] com.zaxxer.hikari.HikariDataSource       : HikariPool-9 - Start completed.
2022-08-03 23:10:10.687  INFO 5248 --- [restartedMain] org.hibernate.dialect.Dialect            : HHH000400: Using dialect: org.hibernate.dialect.MySQL8Dialect
2022-08-03 23:10:10.727  INFO 5248 --- [restartedMain] o.h.e.t.j.p.i.JtaPlatformInitiator       : HHH000490: Using JtaPlatform implementation: [org.hibernate.engine.transaction.jta.platform.internal.NoJtaPlatform]
2022-08-03 23:10:10.728  INFO 5248 --- [restartedMain] j.LocalContainerEntityManagerFactoryBean : Initialized JPA EntityManagerFactory for persistence unit 'default'
2022-08-03 23:10:10.749  WARN 5248 --- [restartedMain] JpaBaseConfiguration$JpaWebConfiguration : spring.jpa.open-in-view is enabled by default. Therefore, database queries may be performed during view rendering. Explicitly configure spring.jpa.open-in-view to disable this warning
2022-08-03 23:10:10.851  WARN 5248 --- [restartedMain] o.s.s.c.a.web.builders.WebSecurity       : You are asking Spring Security to ignore Ant [pattern='/images/**']. This is not recommended -- please use permitAll via HttpSecurity#authorizeHttpRequests instead.
2022-08-03 23:10:10.851  INFO 5248 --- [restartedMain] o.s.s.web.DefaultSecurityFilterChain     : Will not secure Ant [pattern='/images/**']
2022-08-03 23:10:10.851  WARN 5248 --- [restartedMain] o.s.s.c.a.web.builders.WebSecurity       : You are asking Spring Security to ignore Ant [pattern='/js/**']. This is not recommended -- please use permitAll via HttpSecurity#authorizeHttpRequests instead.
2022-08-03 23:10:10.851  INFO 5248 --- [restartedMain] o.s.s.web.DefaultSecurityFilterChain     : Will not secure Ant [pattern='/js/**']
2022-08-03 23:10:10.851  WARN 5248 --- [restartedMain] o.s.s.c.a.web.builders.WebSecurity       : You are asking Spring Security to ignore Ant [pattern='/webjars/**']. This is not recommended -- please use permitAll via HttpSecurity#authorizeHttpRequests instead.
2022-08-03 23:10:10.851  INFO 5248 --- [restartedMain] o.s.s.web.DefaultSecurityFilterChain     : Will not secure Ant [pattern='/webjars/**']
2022-08-03 23:10:10.857  INFO 5248 --- [restartedMain] o.s.s.web.DefaultSecurityFilterChain     : Will secure any request with [org.springframework.security.web.session.DisableEncodeUrlFilter@7c819b66, org.springframework.security.web.context.request.async.WebAsyncManagerIntegrationFilter@574e14a7, org.springframework.security.web.context.SecurityContextPersistenceFilter@7f11881d, org.springframework.security.web.header.HeaderWriterFilter@3ca3ed9e, org.springframework.security.web.csrf.CsrfFilter@3f64a8ab, org.springframework.security.web.authentication.logout.LogoutFilter@27b8960a, org.springframework.security.web.authentication.UsernamePasswordAuthenticationFilter@6927b00a, org.springframework.security.web.savedrequest.RequestCacheAwareFilter@40c4b334, org.springframework.security.web.servletapi.SecurityContextHolderAwareRequestFilter@63a869af, org.springframework.security.web.authentication.rememberme.RememberMeAuthenticationFilter@652b7761, org.springframework.security.web.authentication.AnonymousAuthenticationFilter@33d59a4, org.springframework.security.web.session.SessionManagementFilter@65aa55f3, org.springframework.security.web.access.ExceptionTranslationFilter@4c5e6685, org.springframework.security.web.access.intercept.FilterSecurityInterceptor@2581dca5]
2022-08-03 23:10:10.894  INFO 5248 --- [restartedMain] o.s.b.a.w.s.WelcomePageHandlerMapping    : Adding welcome page template: index
2022-08-03 23:10:11.283  INFO 5248 --- [restartedMain] o.s.b.d.a.OptionalLiveReloadServer       : LiveReload server is running on port 35729
2022-08-03 23:10:11.292  INFO 5248 --- [restartedMain] o.s.b.w.embedded.tomcat.TomcatWebServer  : Tomcat started on port(s): 8080 (http) with context path '/ShopmeAdmin'
2022-08-03 23:10:11.296  INFO 5248 --- [restartedMain] c.shopme.admin.ShopmeBackEndApplication  : Started ShopmeBackEndApplication in 0.964 seconds (JVM running for 3286.04)
2022-08-03 23:10:11.297  INFO 5248 --- [restartedMain] .ConditionEvaluationDeltaLoggingListener : Condition evaluation unchanged
2022-08-03 23:10:18.221  INFO 5248 --- [Thread-37] j.LocalContainerEntityManagerFactoryBean : Closing JPA EntityManagerFactory for persistence unit 'default'
2022-08-03 23:10:18.221  INFO 5248 --- [Thread-37] com.zaxxer.hikari.HikariDataSource       : HikariPool-9 - Shutdown initiated...
2022-08-03 23:10:18.225  INFO 5248 --- [Thread-37] com.zaxxer.hikari.HikariDataSource       : HikariPool-9 - Shutdown completed.
2022-08-03 23:10:18.295  INFO 5248 --- [restartedMain] c.shopme.admin.ShopmeBackEndApplication  : Starting ShopmeBackEndApplication using Java 17.0.3.1 on locvb-home with PID 5248 (D:\Projects\ShopmeProject\ShopmeWebParent\ShopmeBackEnd\target\classes started by vbloc in D:\Projects\ShopmeProject\ShopmeWebParent\ShopmeBackEnd)
2022-08-03 23:10:18.295  INFO 5248 --- [restartedMain] c.shopme.admin.ShopmeBackEndApplication  : No active profile set, falling back to 1 default profile: "default"
2022-08-03 23:10:18.451  INFO 5248 --- [restartedMain] .s.d.r.c.RepositoryConfigurationDelegate : Bootstrapping Spring Data JPA repositories in DEFAULT mode.
2022-08-03 23:10:18.462  INFO 5248 --- [restartedMain] .s.d.r.c.RepositoryConfigurationDelegate : Finished Spring Data repository scanning in 10 ms. Found 2 JPA repository interfaces.
2022-08-03 23:10:18.539  INFO 5248 --- [restartedMain] o.s.b.w.embedded.tomcat.TomcatWebServer  : Tomcat initialized with port(s): 8080 (http)
2022-08-03 23:10:18.540  INFO 5248 --- [restartedMain] o.apache.catalina.core.StandardService   : Starting service [Tomcat]
2022-08-03 23:10:18.540  INFO 5248 --- [restartedMain] org.apache.catalina.core.StandardEngine  : Starting Servlet engine: [Apache Tomcat/9.0.63]
2022-08-03 23:10:18.559  INFO 5248 --- [restartedMain] o.a.c.c.C.[.[localhost].[/ShopmeAdmin]   : Initializing Spring embedded WebApplicationContext
2022-08-03 23:10:18.559  INFO 5248 --- [restartedMain] w.s.c.ServletWebServerApplicationContext : Root WebApplicationContext: initialization completed in 261 ms
2022-08-03 23:10:18.596  INFO 5248 --- [restartedMain] o.hibernate.jpa.internal.util.LogHelper  : HHH000204: Processing PersistenceUnitInfo [name: default]
2022-08-03 23:10:18.600  INFO 5248 --- [restartedMain] com.zaxxer.hikari.HikariDataSource       : HikariPool-10 - Starting...
2022-08-03 23:10:18.609  INFO 5248 --- [restartedMain] com.zaxxer.hikari.HikariDataSource       : HikariPool-10 - Start completed.
2022-08-03 23:10:18.610  INFO 5248 --- [restartedMain] org.hibernate.dialect.Dialect            : HHH000400: Using dialect: org.hibernate.dialect.MySQL8Dialect
2022-08-03 23:10:18.652  INFO 5248 --- [restartedMain] o.h.e.t.j.p.i.JtaPlatformInitiator       : HHH000490: Using JtaPlatform implementation: [org.hibernate.engine.transaction.jta.platform.internal.NoJtaPlatform]
2022-08-03 23:10:18.652  INFO 5248 --- [restartedMain] j.LocalContainerEntityManagerFactoryBean : Initialized JPA EntityManagerFactory for persistence unit 'default'
2022-08-03 23:10:18.671  WARN 5248 --- [restartedMain] JpaBaseConfiguration$JpaWebConfiguration : spring.jpa.open-in-view is enabled by default. Therefore, database queries may be performed during view rendering. Explicitly configure spring.jpa.open-in-view to disable this warning
2022-08-03 23:10:18.734  WARN 5248 --- [restartedMain] o.s.s.c.a.web.builders.WebSecurity       : You are asking Spring Security to ignore Ant [pattern='/images/**']. This is not recommended -- please use permitAll via HttpSecurity#authorizeHttpRequests instead.
2022-08-03 23:10:18.734  INFO 5248 --- [restartedMain] o.s.s.web.DefaultSecurityFilterChain     : Will not secure Ant [pattern='/images/**']
2022-08-03 23:10:18.734  WARN 5248 --- [restartedMain] o.s.s.c.a.web.builders.WebSecurity       : You are asking Spring Security to ignore Ant [pattern='/js/**']. This is not recommended -- please use permitAll via HttpSecurity#authorizeHttpRequests instead.
2022-08-03 23:10:18.734  INFO 5248 --- [restartedMain] o.s.s.web.DefaultSecurityFilterChain     : Will not secure Ant [pattern='/js/**']
2022-08-03 23:10:18.734  WARN 5248 --- [restartedMain] o.s.s.c.a.web.builders.WebSecurity       : You are asking Spring Security to ignore Ant [pattern='/webjars/**']. This is not recommended -- please use permitAll via HttpSecurity#authorizeHttpRequests instead.
2022-08-03 23:10:18.734  INFO 5248 --- [restartedMain] o.s.s.web.DefaultSecurityFilterChain     : Will not secure Ant [pattern='/webjars/**']
2022-08-03 23:10:18.742  INFO 5248 --- [restartedMain] o.s.s.web.DefaultSecurityFilterChain     : Will secure any request with [org.springframework.security.web.session.DisableEncodeUrlFilter@50e375c5, org.springframework.security.web.context.request.async.WebAsyncManagerIntegrationFilter@4ae00702, org.springframework.security.web.context.SecurityContextPersistenceFilter@4542226d, org.springframework.security.web.header.HeaderWriterFilter@713bcb23, org.springframework.security.web.csrf.CsrfFilter@66497be4, org.springframework.security.web.authentication.logout.LogoutFilter@7d76555a, org.springframework.security.web.authentication.UsernamePasswordAuthenticationFilter@23f11a59, org.springframework.security.web.savedrequest.RequestCacheAwareFilter@21f60a8d, org.springframework.security.web.servletapi.SecurityContextHolderAwareRequestFilter@ebbbf43, org.springframework.security.web.authentication.rememberme.RememberMeAuthenticationFilter@55f84882, org.springframework.security.web.authentication.AnonymousAuthenticationFilter@6168ffd5, org.springframework.security.web.session.SessionManagementFilter@6879f2dd, org.springframework.security.web.access.ExceptionTranslationFilter@4d5530b8, org.springframework.security.web.access.intercept.FilterSecurityInterceptor@3f94b1ba]
2022-08-03 23:10:18.782  INFO 5248 --- [restartedMain] o.s.b.a.w.s.WelcomePageHandlerMapping    : Adding welcome page template: index
2022-08-03 23:10:19.080  INFO 5248 --- [restartedMain] o.s.b.d.a.OptionalLiveReloadServer       : LiveReload server is running on port 35729
2022-08-03 23:10:19.090  INFO 5248 --- [restartedMain] o.s.b.w.embedded.tomcat.TomcatWebServer  : Tomcat started on port(s): 8080 (http) with context path '/ShopmeAdmin'
2022-08-03 23:10:19.093  INFO 5248 --- [restartedMain] c.shopme.admin.ShopmeBackEndApplication  : Started ShopmeBackEndApplication in 0.822 seconds (JVM running for 3293.837)
2022-08-03 23:10:19.094  INFO 5248 --- [restartedMain] .ConditionEvaluationDeltaLoggingListener : Condition evaluation unchanged
2022-08-03 23:10:55.583  INFO 5248 --- [Thread-41] j.LocalContainerEntityManagerFactoryBean : Closing JPA EntityManagerFactory for persistence unit 'default'
2022-08-03 23:10:55.584  INFO 5248 --- [Thread-41] com.zaxxer.hikari.HikariDataSource       : HikariPool-10 - Shutdown initiated...
2022-08-03 23:10:55.590  INFO 5248 --- [Thread-41] com.zaxxer.hikari.HikariDataSource       : HikariPool-10 - Shutdown completed.
2022-08-03 23:10:55.674  INFO 5248 --- [restartedMain] c.shopme.admin.ShopmeBackEndApplication  : Starting ShopmeBackEndApplication using Java 17.0.3.1 on locvb-home with PID 5248 (D:\Projects\ShopmeProject\ShopmeWebParent\ShopmeBackEnd\target\classes started by vbloc in D:\Projects\ShopmeProject\ShopmeWebParent\ShopmeBackEnd)
2022-08-03 23:10:55.674  INFO 5248 --- [restartedMain] c.shopme.admin.ShopmeBackEndApplication  : No active profile set, falling back to 1 default profile: "default"
2022-08-03 23:10:55.901  INFO 5248 --- [restartedMain] .s.d.r.c.RepositoryConfigurationDelegate : Bootstrapping Spring Data JPA repositories in DEFAULT mode.
2022-08-03 23:10:55.911  INFO 5248 --- [restartedMain] .s.d.r.c.RepositoryConfigurationDelegate : Finished Spring Data repository scanning in 10 ms. Found 2 JPA repository interfaces.
2022-08-03 23:10:56.013  INFO 5248 --- [restartedMain] o.s.b.w.embedded.tomcat.TomcatWebServer  : Tomcat initialized with port(s): 8080 (http)
2022-08-03 23:10:56.013  INFO 5248 --- [restartedMain] o.apache.catalina.core.StandardService   : Starting service [Tomcat]
2022-08-03 23:10:56.013  INFO 5248 --- [restartedMain] org.apache.catalina.core.StandardEngine  : Starting Servlet engine: [Apache Tomcat/9.0.63]
2022-08-03 23:10:56.031  INFO 5248 --- [restartedMain] o.a.c.c.C.[.[localhost].[/ShopmeAdmin]   : Initializing Spring embedded WebApplicationContext
2022-08-03 23:10:56.031  INFO 5248 --- [restartedMain] w.s.c.ServletWebServerApplicationContext : Root WebApplicationContext: initialization completed in 354 ms
2022-08-03 23:10:56.084  INFO 5248 --- [restartedMain] o.hibernate.jpa.internal.util.LogHelper  : HHH000204: Processing PersistenceUnitInfo [name: default]
2022-08-03 23:10:56.089  INFO 5248 --- [restartedMain] com.zaxxer.hikari.HikariDataSource       : HikariPool-11 - Starting...
2022-08-03 23:10:56.107  INFO 5248 --- [restartedMain] com.zaxxer.hikari.HikariDataSource       : HikariPool-11 - Start completed.
2022-08-03 23:10:56.107  INFO 5248 --- [restartedMain] org.hibernate.dialect.Dialect            : HHH000400: Using dialect: org.hibernate.dialect.MySQL8Dialect
2022-08-03 23:10:56.180  INFO 5248 --- [restartedMain] o.h.e.t.j.p.i.JtaPlatformInitiator       : HHH000490: Using JtaPlatform implementation: [org.hibernate.engine.transaction.jta.platform.internal.NoJtaPlatform]
2022-08-03 23:10:56.181  INFO 5248 --- [restartedMain] j.LocalContainerEntityManagerFactoryBean : Initialized JPA EntityManagerFactory for persistence unit 'default'
2022-08-03 23:10:56.217  WARN 5248 --- [restartedMain] JpaBaseConfiguration$JpaWebConfiguration : spring.jpa.open-in-view is enabled by default. Therefore, database queries may be performed during view rendering. Explicitly configure spring.jpa.open-in-view to disable this warning
2022-08-03 23:10:56.329  WARN 5248 --- [restartedMain] o.s.s.c.a.web.builders.WebSecurity       : You are asking Spring Security to ignore Ant [pattern='/images/**']. This is not recommended -- please use permitAll via HttpSecurity#authorizeHttpRequests instead.
2022-08-03 23:10:56.330  INFO 5248 --- [restartedMain] o.s.s.web.DefaultSecurityFilterChain     : Will not secure Ant [pattern='/images/**']
2022-08-03 23:10:56.330  WARN 5248 --- [restartedMain] o.s.s.c.a.web.builders.WebSecurity       : You are asking Spring Security to ignore Ant [pattern='/js/**']. This is not recommended -- please use permitAll via HttpSecurity#authorizeHttpRequests instead.
2022-08-03 23:10:56.330  INFO 5248 --- [restartedMain] o.s.s.web.DefaultSecurityFilterChain     : Will not secure Ant [pattern='/js/**']
2022-08-03 23:10:56.330  WARN 5248 --- [restartedMain] o.s.s.c.a.web.builders.WebSecurity       : You are asking Spring Security to ignore Ant [pattern='/webjars/**']. This is not recommended -- please use permitAll via HttpSecurity#authorizeHttpRequests instead.
2022-08-03 23:10:56.330  INFO 5248 --- [restartedMain] o.s.s.web.DefaultSecurityFilterChain     : Will not secure Ant [pattern='/webjars/**']
2022-08-03 23:10:56.337  INFO 5248 --- [restartedMain] o.s.s.web.DefaultSecurityFilterChain     : Will secure any request with [org.springframework.security.web.session.DisableEncodeUrlFilter@18be614b, org.springframework.security.web.context.request.async.WebAsyncManagerIntegrationFilter@6c8c7dcc, org.springframework.security.web.context.SecurityContextPersistenceFilter@3566e4cf, org.springframework.security.web.header.HeaderWriterFilter@3eeea2ef, org.springframework.security.web.csrf.CsrfFilter@6a5df8f4, org.springframework.security.web.authentication.logout.LogoutFilter@a8a1e7e, org.springframework.security.web.authentication.UsernamePasswordAuthenticationFilter@682372d7, org.springframework.security.web.savedrequest.RequestCacheAwareFilter@3af9d3db, org.springframework.security.web.servletapi.SecurityContextHolderAwareRequestFilter@71cbe7b1, org.springframework.security.web.authentication.rememberme.RememberMeAuthenticationFilter@540c91fd, org.springframework.security.web.authentication.AnonymousAuthenticationFilter@1fca1f40, org.springframework.security.web.session.SessionManagementFilter@30f9207c, org.springframework.security.web.access.ExceptionTranslationFilter@685ce999, org.springframework.security.web.access.intercept.FilterSecurityInterceptor@104c9149]
2022-08-03 23:10:56.382  INFO 5248 --- [restartedMain] o.s.b.a.w.s.WelcomePageHandlerMapping    : Adding welcome page template: index
2022-08-03 23:10:56.746  INFO 5248 --- [restartedMain] o.s.b.d.a.OptionalLiveReloadServer       : LiveReload server is running on port 35729
2022-08-03 23:10:56.763  INFO 5248 --- [restartedMain] o.s.b.w.embedded.tomcat.TomcatWebServer  : Tomcat started on port(s): 8080 (http) with context path '/ShopmeAdmin'
2022-08-03 23:10:56.766  INFO 5248 --- [restartedMain] c.shopme.admin.ShopmeBackEndApplication  : Started ShopmeBackEndApplication in 1.12 seconds (JVM running for 3331.51)
2022-08-03 23:10:56.768  INFO 5248 --- [restartedMain] .ConditionEvaluationDeltaLoggingListener : Condition evaluation unchanged
2022-08-03 23:11:17.552  INFO 5248 --- [Thread-45] j.LocalContainerEntityManagerFactoryBean : Closing JPA EntityManagerFactory for persistence unit 'default'
2022-08-03 23:11:17.553  INFO 5248 --- [Thread-45] com.zaxxer.hikari.HikariDataSource       : HikariPool-11 - Shutdown initiated...
2022-08-03 23:11:17.556  INFO 5248 --- [Thread-45] com.zaxxer.hikari.HikariDataSource       : HikariPool-11 - Shutdown completed.
2022-08-03 23:11:17.635  INFO 5248 --- [restartedMain] c.shopme.admin.ShopmeBackEndApplication  : Starting ShopmeBackEndApplication using Java 17.0.3.1 on locvb-home with PID 5248 (D:\Projects\ShopmeProject\ShopmeWebParent\ShopmeBackEnd\target\classes started by vbloc in D:\Projects\ShopmeProject\ShopmeWebParent\ShopmeBackEnd)
2022-08-03 23:11:17.635  INFO 5248 --- [restartedMain] c.shopme.admin.ShopmeBackEndApplication  : No active profile set, falling back to 1 default profile: "default"
2022-08-03 23:11:17.790  INFO 5248 --- [restartedMain] .s.d.r.c.RepositoryConfigurationDelegate : Bootstrapping Spring Data JPA repositories in DEFAULT mode.
2022-08-03 23:11:17.802  INFO 5248 --- [restartedMain] .s.d.r.c.RepositoryConfigurationDelegate : Finished Spring Data repository scanning in 12 ms. Found 2 JPA repository interfaces.
2022-08-03 23:11:17.884  INFO 5248 --- [restartedMain] o.s.b.w.embedded.tomcat.TomcatWebServer  : Tomcat initialized with port(s): 8080 (http)
2022-08-03 23:11:17.885  INFO 5248 --- [restartedMain] o.apache.catalina.core.StandardService   : Starting service [Tomcat]
2022-08-03 23:11:17.885  INFO 5248 --- [restartedMain] org.apache.catalina.core.StandardEngine  : Starting Servlet engine: [Apache Tomcat/9.0.63]
2022-08-03 23:11:17.901  INFO 5248 --- [restartedMain] o.a.c.c.C.[.[localhost].[/ShopmeAdmin]   : Initializing Spring embedded WebApplicationContext
2022-08-03 23:11:17.901  INFO 5248 --- [restartedMain] w.s.c.ServletWebServerApplicationContext : Root WebApplicationContext: initialization completed in 263 ms
2022-08-03 23:11:17.933  INFO 5248 --- [restartedMain] o.hibernate.jpa.internal.util.LogHelper  : HHH000204: Processing PersistenceUnitInfo [name: default]
2022-08-03 23:11:17.938  INFO 5248 --- [restartedMain] com.zaxxer.hikari.HikariDataSource       : HikariPool-12 - Starting...
2022-08-03 23:11:17.950  INFO 5248 --- [restartedMain] com.zaxxer.hikari.HikariDataSource       : HikariPool-12 - Start completed.
2022-08-03 23:11:17.950  INFO 5248 --- [restartedMain] org.hibernate.dialect.Dialect            : HHH000400: Using dialect: org.hibernate.dialect.MySQL8Dialect
2022-08-03 23:11:17.991  INFO 5248 --- [restartedMain] o.h.e.t.j.p.i.JtaPlatformInitiator       : HHH000490: Using JtaPlatform implementation: [org.hibernate.engine.transaction.jta.platform.internal.NoJtaPlatform]
2022-08-03 23:11:17.991  INFO 5248 --- [restartedMain] j.LocalContainerEntityManagerFactoryBean : Initialized JPA EntityManagerFactory for persistence unit 'default'
2022-08-03 23:11:18.013  WARN 5248 --- [restartedMain] JpaBaseConfiguration$JpaWebConfiguration : spring.jpa.open-in-view is enabled by default. Therefore, database queries may be performed during view rendering. Explicitly configure spring.jpa.open-in-view to disable this warning
2022-08-03 23:11:18.101  WARN 5248 --- [restartedMain] o.s.s.c.a.web.builders.WebSecurity       : You are asking Spring Security to ignore Ant [pattern='/images/**']. This is not recommended -- please use permitAll via HttpSecurity#authorizeHttpRequests instead.
2022-08-03 23:11:18.101  INFO 5248 --- [restartedMain] o.s.s.web.DefaultSecurityFilterChain     : Will not secure Ant [pattern='/images/**']
2022-08-03 23:11:18.101  WARN 5248 --- [restartedMain] o.s.s.c.a.web.builders.WebSecurity       : You are asking Spring Security to ignore Ant [pattern='/js/**']. This is not recommended -- please use permitAll via HttpSecurity#authorizeHttpRequests instead.
2022-08-03 23:11:18.101  INFO 5248 --- [restartedMain] o.s.s.web.DefaultSecurityFilterChain     : Will not secure Ant [pattern='/js/**']
2022-08-03 23:11:18.101  WARN 5248 --- [restartedMain] o.s.s.c.a.web.builders.WebSecurity       : You are asking Spring Security to ignore Ant [pattern='/webjars/**']. This is not recommended -- please use permitAll via HttpSecurity#authorizeHttpRequests instead.
2022-08-03 23:11:18.101  INFO 5248 --- [restartedMain] o.s.s.web.DefaultSecurityFilterChain     : Will not secure Ant [pattern='/webjars/**']
2022-08-03 23:11:18.107  INFO 5248 --- [restartedMain] o.s.s.web.DefaultSecurityFilterChain     : Will secure any request with [org.springframework.security.web.session.DisableEncodeUrlFilter@40acedbc, org.springframework.security.web.context.request.async.WebAsyncManagerIntegrationFilter@7e82e45a, org.springframework.security.web.context.SecurityContextPersistenceFilter@6f40d62f, org.springframework.security.web.header.HeaderWriterFilter@28229063, org.springframework.security.web.csrf.CsrfFilter@239e558f, org.springframework.security.web.authentication.logout.LogoutFilter@2ebca854, org.springframework.security.web.authentication.UsernamePasswordAuthenticationFilter@4de78de6, org.springframework.security.web.savedrequest.RequestCacheAwareFilter@5bc89696, org.springframework.security.web.servletapi.SecurityContextHolderAwareRequestFilter@67d5a404, org.springframework.security.web.authentication.rememberme.RememberMeAuthenticationFilter@5ba2ccfd, org.springframework.security.web.authentication.AnonymousAuthenticationFilter@ffbced1, org.springframework.security.web.session.SessionManagementFilter@3e23de49, org.springframework.security.web.access.ExceptionTranslationFilter@3fb161b0, org.springframework.security.web.access.intercept.FilterSecurityInterceptor@429f91f2]
2022-08-03 23:11:18.143  INFO 5248 --- [restartedMain] o.s.b.a.w.s.WelcomePageHandlerMapping    : Adding welcome page template: index
2022-08-03 23:11:18.480  INFO 5248 --- [restartedMain] o.s.b.d.a.OptionalLiveReloadServer       : LiveReload server is running on port 35729
2022-08-03 23:11:18.489  INFO 5248 --- [restartedMain] o.s.b.w.embedded.tomcat.TomcatWebServer  : Tomcat started on port(s): 8080 (http) with context path '/ShopmeAdmin'
2022-08-03 23:11:18.492  INFO 5248 --- [restartedMain] c.shopme.admin.ShopmeBackEndApplication  : Started ShopmeBackEndApplication in 0.879 seconds (JVM running for 3353.236)
2022-08-03 23:11:18.493  INFO 5248 --- [restartedMain] .ConditionEvaluationDeltaLoggingListener : Condition evaluation unchanged
2022-08-03 23:17:29.470  INFO 5248 --- [Thread-49] j.LocalContainerEntityManagerFactoryBean : Closing JPA EntityManagerFactory for persistence unit 'default'
2022-08-03 23:17:29.471  INFO 5248 --- [Thread-49] com.zaxxer.hikari.HikariDataSource       : HikariPool-12 - Shutdown initiated...
2022-08-03 23:17:29.477  INFO 5248 --- [Thread-49] com.zaxxer.hikari.HikariDataSource       : HikariPool-12 - Shutdown completed.
